2025-10-07 15:23:31,360 - INFO - Starting factor analysis framework
2025-10-07 15:23:31,397 - INFO - Starting phase: Data Loading
2025-10-07 15:23:34,749 - INFO - Completed phase: Data Loading in 3.35 seconds, Memory used: 8.24 MB
2025-10-07 15:23:34,749 - INFO - Starting phase: Data Processing
2025-10-07 15:23:34,997 - INFO - Completed phase: Data Processing in 0.25 seconds, Memory used: 4.21 MB
2025-10-07 15:23:34,998 - INFO - Starting phase: Factor Calculation
2025-10-07 15:23:34,998 - INFO - Completed phase: Factor Calculation in 0.00 seconds, Memory used: 0.00 MB
2025-10-07 15:23:34,998 - INFO - Starting phase: Factor Testing
2025-10-07 15:24:52,718 - INFO - Completed phase: Factor Testing in 77.72 seconds, Memory used: 116.52 MB
2025-10-07 15:24:52,719 - INFO - Starting phase: Comparative Analysis
2025-10-07 15:24:56,092 - INFO - Completed phase: Comparative Analysis in 3.37 seconds, Memory used: -8.30 MB
2025-10-07 15:24:56,092 - INFO - Starting phase: Backtesting
2025-10-07 15:24:57,207 - INFO - Completed phase: Backtesting in 1.11 seconds, Memory used: 16.77 MB
2025-10-07 15:24:57,208 - INFO - Starting phase: Risk Analysis
2025-10-07 15:24:58,428 - INFO - Completed phase: Risk Analysis in 1.22 seconds, Memory used: -2.58 MB
2025-10-07 15:24:58,429 - INFO - Starting phase: Reporting
2025-10-07 15:24:58,453 - INFO - Analysis completed in 87.09 seconds
2025-10-07 15:24:58,453 - INFO - Peak memory usage: 280.10 MB
2025-10-07 15:28:31,628 - INFO - Starting factor analysis framework
2025-10-07 15:28:32,683 - INFO - Starting phase: Data Loading
2025-10-07 15:28:36,189 - INFO - Completed phase: Data Loading in 3.51 seconds, Memory used: 7.93 MB
2025-10-07 15:28:36,189 - INFO - Starting phase: Data Processing
2025-10-07 15:28:36,431 - INFO - Completed phase: Data Processing in 0.24 seconds, Memory used: 3.71 MB
2025-10-07 15:28:36,431 - INFO - Starting phase: Factor Calculation
2025-10-07 15:28:36,431 - INFO - Completed phase: Factor Calculation in 0.00 seconds, Memory used: 0.00 MB
2025-10-07 15:28:36,431 - INFO - Starting phase: Factor Testing
2025-10-07 15:29:19,895 - INFO - Analysis completed in 48.27 seconds
2025-10-07 15:29:19,895 - INFO - Peak memory usage: 266.86 MB
2025-10-07 15:32:07,384 - INFO - Starting factor analysis framework
2025-10-07 15:32:07,420 - INFO - Starting phase: Data Loading
2025-10-07 15:32:10,733 - INFO - Completed phase: Data Loading in 3.31 seconds, Memory used: 8.66 MB
2025-10-07 15:32:10,734 - INFO - Starting phase: Data Processing
2025-10-07 15:32:10,960 - INFO - Completed phase: Data Processing in 0.23 seconds, Memory used: 4.68 MB
2025-10-07 15:32:10,960 - INFO - Starting phase: Factor Calculation
2025-10-07 15:32:10,960 - INFO - Completed phase: Factor Calculation in 0.00 seconds, Memory used: 0.00 MB
2025-10-07 15:32:10,960 - INFO - Starting phase: Factor Testing
2025-10-07 15:33:29,798 - INFO - Completed phase: Factor Testing in 78.84 seconds, Memory used: 130.69 MB
2025-10-07 15:33:29,798 - INFO - Starting phase: Comparative Analysis
2025-10-07 15:33:33,362 - INFO - Completed phase: Comparative Analysis in 3.56 seconds, Memory used: -24.07 MB
2025-10-07 15:33:33,362 - INFO - Starting phase: Backtesting
2025-10-07 15:33:34,529 - INFO - Completed phase: Backtesting in 1.17 seconds, Memory used: 17.45 MB
2025-10-07 15:33:34,529 - INFO - Starting phase: Risk Analysis
2025-10-07 15:33:35,720 - INFO - Completed phase: Risk Analysis in 1.19 seconds, Memory used: -2.30 MB
2025-10-07 15:33:35,720 - INFO - Starting phase: Reporting
2025-10-07 15:33:35,732 - INFO - Completed phase: Reporting in 0.01 seconds, Memory used: 0.09 MB
2025-10-07 15:33:35,743 - INFO - Analysis completed in 88.36 seconds
2025-10-07 15:33:35,743 - INFO - Peak memory usage: 280.27 MB
